6.4467 	EXP 	Created window1 = Window(allowGUI=False, allowStencil=False, autoLog=True, bitsMode=UNKNOWN, blendMode='avg', color=array([ 1.,  1.,  1.]), colorSpace='rgb', fullscr=UNKNOWN, gamma=None, lms=UNKNOWN, monitor=<psychopy.monitors.calibTools.Monitor instance at 0x187fe558>, name='window1', pos=[0, 0], screen=0, size=array([1280,  800]), stereo=False, units=u'norm', useFBO=True, viewOri=0.0, viewPos=None, viewScale=None, waitBlanking=True, winType='pyglet')
6.4468 	EXP 	window1: recordFrameIntervals = False
6.6090 	EXP 	window1: recordFrameIntervals = True
6.7900 	EXP 	window1: recordFrameIntervals = False
6.8400 	EXP 	Created welcome_slide = ImageStim(autoLog=True, color=array([ 1.,  1.,  1.]), colorSpace='rgb', contrast=1.0, depth=0.0, flipHoriz=False, flipVert=False, image='welcome_slide.png', interpolate=True, mask=None, maskParams=None, name='welcome_slide', opacity=1.0, ori=0.0, pos=array([ 0.,  0.]), size=array([ 1.390625,  1.5625  ]), texRes=128, units=u'norm', win=Window(...))
6.8458 	EXP 	Created real_image_practice = ImageStim(autoLog=True, color=array([ 1.,  1.,  1.]), colorSpace='rgb', contrast=1.0, depth=0.0, flipHoriz=False, flipVert=False, image='sin', interpolate=True, mask=None, maskParams=None, name='real_image_practice', opacity=1.0, ori=0.0, pos=array([ 0.,  0.]), size=array([ 0.5,  0.5]), texRes=128, units=u'norm', win=Window(...))
6.9369 	EXP 	Created fixation_cross_practice = TextStim(alignHoriz='center', alignVert='center', antialias=True, autoLog=True, bold=False, color='black', colorSpace='named', contrast=1.0, depth=-1.0, flipHoriz=False, flipVert=False, font='Arial', fontFiles=[], height=0.1, italic=False, name='fixation_cross_practice', opacity=1.0, ori=0, pos=array([ 0.,  0.]), rgb=array([ 0.,  0.,  0.]), text=u'+', units=u'norm', win=Window(...), wrapWidth=1)
6.9491 	EXP 	Created instructions_practice = ImageStim(autoLog=True, color=array([ 1.,  1.,  1.]), colorSpace='rgb', contrast=1.0, depth=-3.0, flipHoriz=False, flipVert=False, image='instructions.png', interpolate=True, mask=None, maskParams=None, name='instructions_practice', opacity=1.0, ori=0.0, pos=array([ 0.,  0.]), size=array([ 0.85 ,  0.405]), texRes=128, units=u'norm', win=Window(...))
6.9970 	EXP 	Created text = TextStim(alignHoriz='center', alignVert='center', antialias=True, autoLog=True, bold=False, color=u'black', colorSpace='named', contrast=1.0, depth=-1.0, flipHoriz=False, flipVert=False, font=u'Arial', fontFiles=[], height=0.1, italic=False, name='text', opacity=1.0, ori=0, pos=array([ 0.,  0.]), rgb=array([ 0.,  0.,  0.]), text=unicode(...), units=u'norm', win=Window(...), wrapWidth=1)
7.0041 	EXP 	Created real_image = ImageStim(autoLog=True, color=array([ 1.,  1.,  1.]), colorSpace='rgb', contrast=1.0, depth=0.0, flipHoriz=False, flipVert=False, image='sin', interpolate=True, mask=None, maskParams=None, name='real_image', opacity=1.0, ori=0.0, pos=array([ 0.,  0.]), size=array([ 0.5,  0.5]), texRes=128, units=u'norm', win=Window(...))
7.0093 	EXP 	Created fixation_cross = TextStim(alignHoriz='center', alignVert='center', antialias=True, autoLog=True, bold=False, color='black', colorSpace='named', contrast=1.0, depth=-1.0, flipHoriz=False, flipVert=False, font='Arial', fontFiles=[], height=0.1, italic=False, name='fixation_cross', opacity=1.0, ori=0, pos=array([ 0.,  0.]), rgb=array([ 0.,  0.,  0.]), text=u'+', units=u'norm', win=Window(...), wrapWidth=1)
7.0216 	EXP 	Created instructions = ImageStim(autoLog=True, color=array([ 1.,  1.,  1.]), colorSpace='rgb', contrast=1.0, depth=-3.0, flipHoriz=False, flipVert=False, image='instructions.png', interpolate=True, mask=None, maskParams=None, name='instructions', opacity=1.0, ori=0.0, pos=array([ 0.,  0.]), size=array([ 0.85 ,  0.405]), texRes=128, units=u'norm', win=Window(...))
7.0517 	EXP 	welcome_slide: autoDraw = True
35.8622 	DATA 	Keypress: space
35.8732 	EXP 	Imported practice_trials.xlsx as conditions, 2 conditions, 2 params
35.8737 	EXP 	Created sequence: sequential, trialTypes=2, nReps=1, seed=None
35.8746 	EXP 	New trial (rep=0, index=0): {u'correctAns': u'y', u'practice_image': u'duckling2.png'}
35.9142 	EXP 	welcome_slide: autoDraw = False
35.9142 	EXP 	real_image_practice: size = array([ 0.46875,  0.75   ])
35.9142 	EXP 	real_image_practice: image = u'duckling2.png'
35.9142 	EXP 	fixation_cross_practice: autoDraw = True
36.3904 	EXP 	fixation_cross_practice: autoDraw = False
36.4068 	EXP 	real_image_practice: autoDraw = True
37.3940 	EXP 	real_image_practice: autoDraw = False
37.3940 	EXP 	instructions_practice: autoDraw = True
38.5912 	DATA 	Keypress: y
38.5929 	EXP 	New trial (rep=0, index=1): {u'correctAns': u'n', u'practice_image': u'baby_donald.png'}
38.6236 	EXP 	real_image_practice: autoDraw = False
38.6236 	EXP 	fixation_cross_practice: autoDraw = False
38.6236 	EXP 	instructions_practice: autoDraw = False
38.6236 	EXP 	real_image_practice: size = array([ 0.46875,  0.75   ])
38.6236 	EXP 	real_image_practice: image = u'baby_donald.png'
38.6236 	EXP 	fixation_cross_practice: autoDraw = True
39.1021 	EXP 	fixation_cross_practice: autoDraw = False
39.1190 	EXP 	real_image_practice: autoDraw = True
40.1035 	EXP 	real_image_practice: autoDraw = False
40.1205 	EXP 	instructions_practice: autoDraw = True
41.2075 	DATA 	Keypress: n
41.2743 	EXP 	Imported trials.xlsx as conditions, 8 conditions, 2 params
41.2749 	EXP 	Created sequence: random, trialTypes=8, nReps=1, seed=None
41.2757 	EXP 	New trial (rep=0, index=0): {u'correctAns': u'y', u'image': u'duck4.png'}
41.3181 	EXP 	real_image_practice: autoDraw = False
41.3181 	EXP 	fixation_cross_practice: autoDraw = False
41.3181 	EXP 	instructions_practice: autoDraw = False
41.3181 	EXP 	text: autoDraw = True
41.3181 	EXP 	text: autoDraw = False
41.3181 	EXP 	real_image: size = array([ 0.46875,  0.75   ])
41.3181 	EXP 	real_image: image = u'duck4.png'
41.3181 	EXP 	fixation_cross: autoDraw = True
41.7924 	EXP 	fixation_cross: autoDraw = False
41.8088 	EXP 	real_image: autoDraw = True
42.7939 	EXP 	real_image: autoDraw = False
42.7939 	EXP 	instructions: autoDraw = True
43.1248 	DATA 	Keypress: y
43.1265 	EXP 	New trial (rep=0, index=1): {u'correctAns': u'n', u'image': u'daisy_duck.png'}
43.1570 	EXP 	real_image: autoDraw = False
43.1570 	EXP 	fixation_cross: autoDraw = False
43.1570 	EXP 	instructions: autoDraw = False
43.1570 	EXP 	text: autoDraw = True
43.1570 	EXP 	text: autoDraw = False
43.1570 	EXP 	real_image: size = array([ 0.46875,  0.75   ])
43.1570 	EXP 	real_image: image = u'daisy_duck.png'
43.1570 	EXP 	fixation_cross: autoDraw = True
43.6312 	EXP 	fixation_cross: autoDraw = False
43.6476 	EXP 	real_image: autoDraw = True
44.6330 	EXP 	real_image: autoDraw = False
44.6493 	EXP 	instructions: autoDraw = True
44.8632 	DATA 	Keypress: n
44.8645 	EXP 	New trial (rep=0, index=2): {u'correctAns': u'y', u'image': u'duck2.png'}
44.8955 	EXP 	real_image: autoDraw = False
44.8955 	EXP 	fixation_cross: autoDraw = False
44.8955 	EXP 	instructions: autoDraw = False
44.8955 	EXP 	text: autoDraw = True
44.8955 	EXP 	text: autoDraw = False
44.8955 	EXP 	real_image: size = array([ 0.46875,  0.75   ])
44.8955 	EXP 	real_image: image = u'duck2.png'
44.8955 	EXP 	fixation_cross: autoDraw = True
45.3735 	EXP 	fixation_cross: autoDraw = False
45.3900 	EXP 	real_image: autoDraw = True
46.3751 	EXP 	real_image: autoDraw = False
46.3915 	EXP 	instructions: autoDraw = True
46.5871 	DATA 	Keypress: y
46.5884 	EXP 	New trial (rep=0, index=3): {u'correctAns': u'n', u'image': u'donald_duck.png'}
46.6196 	EXP 	real_image: autoDraw = False
46.6196 	EXP 	fixation_cross: autoDraw = False
46.6196 	EXP 	instructions: autoDraw = False
46.6196 	EXP 	text: autoDraw = True
46.6196 	EXP 	text: autoDraw = False
46.6196 	EXP 	real_image: size = array([ 0.46875,  0.75   ])
46.6196 	EXP 	real_image: image = u'donald_duck.png'
46.6196 	EXP 	fixation_cross: autoDraw = True
47.0976 	EXP 	fixation_cross: autoDraw = False
47.1139 	EXP 	real_image: autoDraw = True
47.4938 	DATA 	Keypress: n
48.0990 	EXP 	real_image: autoDraw = False
48.1157 	EXP 	instructions: autoDraw = True
48.3953 	DATA 	Keypress: n
48.3966 	EXP 	New trial (rep=0, index=4): {u'correctAns': u'n', u'image': u'baby_duck.png'}
48.4276 	EXP 	real_image: autoDraw = False
48.4276 	EXP 	fixation_cross: autoDraw = False
48.4276 	EXP 	instructions: autoDraw = False
48.4276 	EXP 	text: autoDraw = True
51.9235 	DATA 	Keypress: space
51.9393 	EXP 	text: autoDraw = False
51.9393 	EXP 	real_image: size = array([ 0.46875,  0.75   ])
51.9393 	EXP 	real_image: image = u'baby_duck.png'
51.9393 	EXP 	fixation_cross: autoDraw = True
52.4337 	EXP 	fixation_cross: autoDraw = False
52.4500 	EXP 	real_image: autoDraw = True
53.4352 	EXP 	real_image: autoDraw = False
53.4518 	EXP 	instructions: autoDraw = True
53.7131 	DATA 	Keypress: y
53.7144 	EXP 	New trial (rep=0, index=5): {u'correctAns': u'n', u'image': u'daffy_duck.png'}
53.7454 	EXP 	real_image: autoDraw = False
53.7454 	EXP 	fixation_cross: autoDraw = False
53.7454 	EXP 	instructions: autoDraw = False
53.7454 	EXP 	text: autoDraw = True
53.7454 	EXP 	text: autoDraw = False
53.7454 	EXP 	real_image: size = array([ 0.46875,  0.75   ])
53.7454 	EXP 	real_image: image = u'daffy_duck.png'
53.7454 	EXP 	fixation_cross: autoDraw = True
54.2235 	EXP 	fixation_cross: autoDraw = False
54.2398 	EXP 	real_image: autoDraw = True
55.2280 	EXP 	real_image: autoDraw = False
55.2451 	EXP 	instructions: autoDraw = True
55.4390 	DATA 	Keypress: n
55.4403 	EXP 	New trial (rep=0, index=6): {u'correctAns': u'y', u'image': u'duck3.png'}
55.4711 	EXP 	real_image: autoDraw = False
55.4711 	EXP 	fixation_cross: autoDraw = False
55.4711 	EXP 	instructions: autoDraw = False
55.4711 	EXP 	text: autoDraw = True
55.4711 	EXP 	text: autoDraw = False
55.4711 	EXP 	real_image: size = array([ 0.46875,  0.75   ])
55.4711 	EXP 	real_image: image = u'duck3.png'
55.4711 	EXP 	fixation_cross: autoDraw = True
55.9455 	EXP 	fixation_cross: autoDraw = False
55.9619 	EXP 	real_image: autoDraw = True
56.9471 	EXP 	real_image: autoDraw = False
56.9633 	EXP 	instructions: autoDraw = True
57.1469 	DATA 	Keypress: y
57.1483 	EXP 	New trial (rep=0, index=7): {u'correctAns': u'y', u'image': u'duck.png'}
57.1790 	EXP 	real_image: autoDraw = False
57.1790 	EXP 	fixation_cross: autoDraw = False
57.1790 	EXP 	instructions: autoDraw = False
57.1790 	EXP 	text: autoDraw = True
57.1790 	EXP 	text: autoDraw = False
57.1790 	EXP 	real_image: size = array([ 0.46875,  0.75   ])
57.1790 	EXP 	real_image: image = u'duck.png'
57.1790 	EXP 	fixation_cross: autoDraw = True
57.6532 	EXP 	fixation_cross: autoDraw = False
57.6695 	EXP 	real_image: autoDraw = True
58.6547 	EXP 	real_image: autoDraw = False
58.6709 	EXP 	instructions: autoDraw = True
58.9014 	DATA 	Keypress: n
