5.7135 	EXP 	Created window1 = Window(allowGUI=False, allowStencil=False, autoLog=True, bitsMode=UNKNOWN, blendMode='avg', color=array([ 1.,  1.,  1.]), colorSpace='rgb', fullscr=UNKNOWN, gamma=None, lms=UNKNOWN, monitor=<psychopy.monitors.calibTools.Monitor instance at 0x187b7558>, name='window1', pos=[0, 0], screen=0, size=array([1280,  800]), stereo=False, units=u'norm', useFBO=True, viewOri=0.0, viewPos=None, viewScale=None, waitBlanking=True, winType='pyglet')
5.7136 	EXP 	window1: recordFrameIntervals = False
5.8790 	EXP 	window1: recordFrameIntervals = True
6.0632 	EXP 	window1: recordFrameIntervals = False
6.1133 	EXP 	Created welcome_slide = ImageStim(autoLog=True, color=array([ 1.,  1.,  1.]), colorSpace='rgb', contrast=1.0, depth=0.0, flipHoriz=False, flipVert=False, image='welcome_slide.png', interpolate=True, mask=None, maskParams=None, name='welcome_slide', opacity=1.0, ori=0.0, pos=array([ 0.,  0.]), size=array([ 1.390625,  1.5625  ]), texRes=128, units=u'norm', win=Window(...))
6.1191 	EXP 	Created real_image_practice = ImageStim(autoLog=True, color=array([ 1.,  1.,  1.]), colorSpace='rgb', contrast=1.0, depth=0.0, flipHoriz=False, flipVert=False, image='sin', interpolate=True, mask=None, maskParams=None, name='real_image_practice', opacity=1.0, ori=0.0, pos=array([ 0.,  0.]), size=array([ 0.5,  0.5]), texRes=128, units=u'norm', win=Window(...))
6.2115 	EXP 	Created fixation_cross_practice = TextStim(alignHoriz='center', alignVert='center', antialias=True, autoLog=True, bold=False, color='black', colorSpace='named', contrast=1.0, depth=-1.0, flipHoriz=False, flipVert=False, font='Arial', fontFiles=[], height=0.1, italic=False, name='fixation_cross_practice', opacity=1.0, ori=0, pos=array([ 0.,  0.]), rgb=array([ 0.,  0.,  0.]), text=u'+', units=u'norm', win=Window(...), wrapWidth=1)
6.2240 	EXP 	Created instructions_practice = ImageStim(autoLog=True, color=array([ 1.,  1.,  1.]), colorSpace='rgb', contrast=1.0, depth=-3.0, flipHoriz=False, flipVert=False, image='instructions.png', interpolate=True, mask=None, maskParams=None, name='instructions_practice', opacity=1.0, ori=0.0, pos=array([ 0.,  0.]), size=array([ 0.85 ,  0.405]), texRes=128, units=u'norm', win=Window(...))
6.2878 	EXP 	Created text = TextStim(alignHoriz='center', alignVert='center', antialias=True, autoLog=True, bold=False, color=u'black', colorSpace='named', contrast=1.0, depth=-1.0, flipHoriz=False, flipVert=False, font=u'Arial', fontFiles=[], height=0.1, italic=False, name='text', opacity=1.0, ori=0, pos=array([ 0.,  0.]), rgb=array([ 0.,  0.,  0.]), text=unicode(...), units=u'norm', win=Window(...), wrapWidth=1)
6.2952 	EXP 	Created real_image = ImageStim(autoLog=True, color=array([ 1.,  1.,  1.]), colorSpace='rgb', contrast=1.0, depth=0.0, flipHoriz=False, flipVert=False, image='sin', interpolate=True, mask=None, maskParams=None, name='real_image', opacity=1.0, ori=0.0, pos=array([ 0.,  0.]), size=array([ 0.5,  0.5]), texRes=128, units=u'norm', win=Window(...))
6.3005 	EXP 	Created fixation_cross = TextStim(alignHoriz='center', alignVert='center', antialias=True, autoLog=True, bold=False, color='black', colorSpace='named', contrast=1.0, depth=-1.0, flipHoriz=False, flipVert=False, font='Arial', fontFiles=[], height=0.1, italic=False, name='fixation_cross', opacity=1.0, ori=0, pos=array([ 0.,  0.]), rgb=array([ 0.,  0.,  0.]), text=u'+', units=u'norm', win=Window(...), wrapWidth=1)
6.3124 	EXP 	Created instructions = ImageStim(autoLog=True, color=array([ 1.,  1.,  1.]), colorSpace='rgb', contrast=1.0, depth=-3.0, flipHoriz=False, flipVert=False, image='instructions.png', interpolate=True, mask=None, maskParams=None, name='instructions', opacity=1.0, ori=0.0, pos=array([ 0.,  0.]), size=array([ 0.85 ,  0.405]), texRes=128, units=u'norm', win=Window(...))
6.3469 	EXP 	welcome_slide: autoDraw = True
7.2454 	DATA 	Keypress: space
7.2574 	EXP 	Imported practice_trials.xlsx as conditions, 2 conditions, 2 params
7.2578 	EXP 	Created sequence: sequential, trialTypes=2, nReps=1, seed=None
7.2587 	EXP 	New trial (rep=0, index=0): {u'correctAns': u'y', u'practice_image': u'duckling2.png'}
7.2990 	EXP 	welcome_slide: autoDraw = False
7.2990 	EXP 	real_image_practice: size = array([ 0.46875,  0.75   ])
7.2990 	EXP 	real_image_practice: image = u'duckling2.png'
7.2990 	EXP 	fixation_cross_practice: autoDraw = True
7.7652 	EXP 	fixation_cross_practice: autoDraw = False
7.7819 	EXP 	real_image_practice: autoDraw = True
8.7684 	EXP 	real_image_practice: autoDraw = False
8.7851 	EXP 	instructions_practice: autoDraw = True
9.1563 	DATA 	Keypress: y
9.1735 	EXP 	New trial (rep=0, index=1): {u'correctAns': u'n', u'practice_image': u'baby_donald.png'}
9.2049 	EXP 	real_image_practice: autoDraw = False
9.2049 	EXP 	fixation_cross_practice: autoDraw = False
9.2049 	EXP 	instructions_practice: autoDraw = False
9.2049 	EXP 	real_image_practice: size = array([ 0.46875,  0.75   ])
9.2049 	EXP 	real_image_practice: image = u'baby_donald.png'
9.2049 	EXP 	fixation_cross_practice: autoDraw = True
9.6880 	EXP 	fixation_cross_practice: autoDraw = False
9.7046 	EXP 	real_image_practice: autoDraw = True
10.6913 	EXP 	real_image_practice: autoDraw = False
10.6913 	EXP 	instructions_practice: autoDraw = True
10.9944 	DATA 	Keypress: y
11.0616 	EXP 	Imported trials.xlsx as conditions, 8 conditions, 2 params
11.0622 	EXP 	Created sequence: random, trialTypes=8, nReps=1, seed=None
11.0631 	EXP 	New trial (rep=0, index=0): {u'correctAns': u'n', u'image': u'baby_duck.png'}
11.2782 	EXP 	real_image_practice: autoDraw = False
11.2782 	EXP 	fixation_cross_practice: autoDraw = False
11.2782 	EXP 	instructions_practice: autoDraw = False
11.2782 	EXP 	text: autoDraw = True
11.2782 	EXP 	text: autoDraw = False
11.2782 	EXP 	real_image: size = array([ 0.46875,  0.75   ])
11.2782 	EXP 	real_image: image = u'baby_duck.png'
11.2782 	EXP 	fixation_cross: autoDraw = True
11.5772 	EXP 	fixation_cross: autoDraw = False
11.5939 	EXP 	real_image: autoDraw = True
12.5802 	EXP 	real_image: autoDraw = False
12.5970 	EXP 	instructions: autoDraw = True
12.8852 	DATA 	Keypress: y
12.8870 	EXP 	New trial (rep=0, index=1): {u'correctAns': u'n', u'image': u'donald_duck.png'}
12.9172 	EXP 	real_image: autoDraw = False
12.9172 	EXP 	fixation_cross: autoDraw = False
12.9172 	EXP 	instructions: autoDraw = False
12.9172 	EXP 	text: autoDraw = True
12.9172 	EXP 	text: autoDraw = False
12.9172 	EXP 	real_image: size = array([ 0.46875,  0.75   ])
12.9172 	EXP 	real_image: image = u'donald_duck.png'
12.9172 	EXP 	fixation_cross: autoDraw = True
13.3996 	EXP 	fixation_cross: autoDraw = False
13.4162 	EXP 	real_image: autoDraw = True
14.3859 	EXP 	real_image: autoDraw = False
14.4194 	EXP 	instructions: autoDraw = True
14.6206 	DATA 	Keypress: y
14.6219 	EXP 	New trial (rep=0, index=2): {u'correctAns': u'y', u'image': u'duck2.png'}
14.6534 	EXP 	real_image: autoDraw = False
14.6534 	EXP 	fixation_cross: autoDraw = False
14.6534 	EXP 	instructions: autoDraw = False
14.6534 	EXP 	text: autoDraw = True
14.6534 	EXP 	text: autoDraw = False
14.6534 	EXP 	real_image: size = array([ 0.46875,  0.75   ])
14.6534 	EXP 	real_image: image = u'duck2.png'
14.6534 	EXP 	fixation_cross: autoDraw = True
15.1269 	EXP 	fixation_cross: autoDraw = False
15.1440 	EXP 	real_image: autoDraw = True
16.1301 	EXP 	real_image: autoDraw = False
16.1469 	EXP 	instructions: autoDraw = True
16.3323 	DATA 	Keypress: y
16.3337 	EXP 	New trial (rep=0, index=3): {u'correctAns': u'y', u'image': u'duck4.png'}
16.3646 	EXP 	real_image: autoDraw = False
16.3646 	EXP 	fixation_cross: autoDraw = False
16.3646 	EXP 	instructions: autoDraw = False
16.3646 	EXP 	text: autoDraw = True
16.3646 	EXP 	text: autoDraw = False
16.3646 	EXP 	real_image: size = array([ 0.46875,  0.75   ])
16.3646 	EXP 	real_image: image = u'duck4.png'
16.3646 	EXP 	fixation_cross: autoDraw = True
16.8437 	EXP 	fixation_cross: autoDraw = False
16.8602 	EXP 	real_image: autoDraw = True
17.8466 	EXP 	real_image: autoDraw = False
17.8633 	EXP 	instructions: autoDraw = True
18.2886 	DATA 	Keypress: y
18.2900 	EXP 	New trial (rep=0, index=4): {u'correctAns': u'y', u'image': u'duck3.png'}
18.3167 	EXP 	real_image: autoDraw = False
18.3167 	EXP 	fixation_cross: autoDraw = False
18.3167 	EXP 	instructions: autoDraw = False
18.3167 	EXP 	text: autoDraw = True
26.1282 	DATA 	Keypress: space
26.1601 	EXP 	text: autoDraw = False
26.1601 	EXP 	real_image: size = array([ 0.46875,  0.75   ])
26.1601 	EXP 	real_image: image = u'duck3.png'
26.1601 	EXP 	fixation_cross: autoDraw = True
26.6409 	EXP 	fixation_cross: autoDraw = False
26.6575 	EXP 	real_image: autoDraw = True
27.6439 	EXP 	real_image: autoDraw = False
27.6605 	EXP 	instructions: autoDraw = True
27.8618 	DATA 	Keypress: y
27.8631 	EXP 	New trial (rep=0, index=5): {u'correctAns': u'y', u'image': u'duck.png'}
27.8945 	EXP 	real_image: autoDraw = False
27.8945 	EXP 	fixation_cross: autoDraw = False
27.8945 	EXP 	instructions: autoDraw = False
27.8945 	EXP 	text: autoDraw = True
27.8945 	EXP 	text: autoDraw = False
27.8945 	EXP 	real_image: size = array([ 0.46875,  0.75   ])
27.8945 	EXP 	real_image: image = u'duck.png'
27.8945 	EXP 	fixation_cross: autoDraw = True
28.3686 	EXP 	fixation_cross: autoDraw = False
28.3855 	EXP 	real_image: autoDraw = True
29.3721 	EXP 	real_image: autoDraw = False
29.3891 	EXP 	instructions: autoDraw = True
29.6005 	DATA 	Keypress: y
29.6018 	EXP 	New trial (rep=0, index=6): {u'correctAns': u'n', u'image': u'daffy_duck.png'}
29.6334 	EXP 	real_image: autoDraw = False
29.6334 	EXP 	fixation_cross: autoDraw = False
29.6334 	EXP 	instructions: autoDraw = False
29.6334 	EXP 	text: autoDraw = True
29.6334 	EXP 	text: autoDraw = False
29.6334 	EXP 	real_image: size = array([ 0.46875,  0.75   ])
29.6334 	EXP 	real_image: image = u'daffy_duck.png'
29.6334 	EXP 	fixation_cross: autoDraw = True
30.1234 	EXP 	real_image: autoDraw = True
30.1234 	EXP 	fixation_cross: autoDraw = False
31.1093 	EXP 	real_image: autoDraw = False
31.1262 	EXP 	instructions: autoDraw = True
31.3289 	DATA 	Keypress: y
31.3303 	EXP 	New trial (rep=0, index=7): {u'correctAns': u'n', u'image': u'daisy_duck.png'}
31.3611 	EXP 	real_image: autoDraw = False
31.3611 	EXP 	fixation_cross: autoDraw = False
31.3611 	EXP 	instructions: autoDraw = False
31.3611 	EXP 	text: autoDraw = True
31.3611 	EXP 	text: autoDraw = False
31.3611 	EXP 	real_image: size = array([ 0.46875,  0.75   ])
31.3611 	EXP 	real_image: image = u'daisy_duck.png'
31.3611 	EXP 	fixation_cross: autoDraw = True
31.8402 	EXP 	fixation_cross: autoDraw = False
31.8569 	EXP 	real_image: autoDraw = True
32.8434 	EXP 	real_image: autoDraw = False
32.8601 	EXP 	instructions: autoDraw = True
33.0655 	DATA 	Keypress: y
